<?xml version="1.0" encoding="UTF-8"?>
<!-- Generated by org.testng.reporters.JUnitReportReporter -->
<testsuite hostname="LAPTOP-8MJAN107" failures="0" tests="1" name="com.nopCommerce.testClass.TC_LoginTest_001" time="46.779" errors="0" timestamp="17 Jan 2019 04:36:32 GMT" skipped="0">
  <testcase classname="com.nopCommerce.testClass.TC_LoginTest_001" name="loginTest" time="46.779"/>
</testsuite> <!-- com.nopCommerce.testClass.TC_LoginTest_001 -->
